<!DOCTYPE html>
<html>
<head>
  
<meta http-equiv="Content-Type" content="text/html; charset=UTF-8" />

<script type="text/javascript" src="js/jquery.min.js"></script>
<script type="text/javascript" src="js/jquery.tablesorter.min.js"></script>
<script type="text/javascript" src="js/Chart.min.js"></script>
<script type="text/javascript" src="js/moment.min.js"></script>
<script type="text/javascript" src="js/bootstrap.min.js"></script>

<link rel="stylesheet" href="css/bootstrap.min.css" type="text/css"/>
<link rel="stylesheet" href="css/cucumber.css" type="text/css"/>
<link rel="stylesheet" href="css/font-awesome.min.css"/>
<link rel="shortcut icon" href="images/favicon.png"/>

<script type="text/javascript">
$(document).ready(function() {
    // this will tell tablesorter to try looking for the data-value attribute
    // if present, it'll sort by that instead
    // otherwise, it'll sort by the text content of the table cell
    $("#tablesorter").tablesorter({
        textAttribute: 'data-value',
        // ignores the first row of the header, the 'scenario', 'steps', since
        // sorting those doesn't make sense
        selectorHeaders: '> thead tr:not(.dont-sort) th',
        // use a stable sort
        sortStable: true
    });
});
</script>











  
<title>Cucumber Reports  - Failures Overview</title>

</head>

<body>

<nav class="navbar navbar-default navbar-fixed-top" id="navigation">
  <div class="container-fluid">
    <div class="collapse navbar-collapse">
      <p class="navbar-text navbar-left">Cucumber Report</p>
      <ul class="nav navbar-nav navbar-right">
                <li role="presentation" ><a href="overview-features.html">Features</a></li>
        <li role="presentation" ><a href="overview-tags.html">Tags</a></li>
        <li role="presentation" ><a href="overview-steps.html">Steps</a></li>
                <li role="presentation"  class="active" ><a href="overview-failures.html">Failures</a></li>
      </ul>
    </div>
  </div>
</nav>


<div class="container-fluid">
  <div class="col-md-5 col-md-offset-1">
    
<table class="table table-bordered" id="build-info">
  <thead>
    <tr>
      <th>Project</th>
            <th>Date</th>
    </tr>
  </thead>
  <tbody>
    <tr class="info">
      <td>API Execution Report</td>
            <td>23 Feb 2023, 11:56</td>
    </tr>
  </tbody>
</table>

  </div>
  <div class="col-md-3 col-md-offset-2">
      </div>
</div>


<div id="report-lead" class="container-fluid">
  <div class="col-md-10 col-md-offset-1">
    <h2>Failures Overview</h2>
          <p>The following summary displays scenarios that failed.</p>
      </div>
</div>


<div class="container-fluid">
  <div class="row">
    <div class="col-md-10 col-md-offset-10">
      <i class="fa fa-chevron-circle-down fa-2x collapsable-control"
        onClick="javascript:$('#report .collapsable-details').collapse('show')"></i>
      <i class="fa fa-chevron-circle-up fa-2x collapsable-control"
        onClick="javascript:$('#report .collapsable-details').collapse('hide')"></i>
    </div>
  </div>
</div>


<div class="container-fluid" id="report">
  <div class="row">
    <div class="col-md-10 col-md-offset-1">

              <div class="elements">
                      
<div class="element">
      <div class="indention">
      <b>Feature:</b>
      <a href="report-feature_resources-Template-Management-Service-Create-Template-feature.html">resources/Template-Management-Service/Create-Template.feature</a>
    </div>
  
  
<div class="tags indention">
  </div>

  
  <span class="lead-duration duration">000ms</span>


    <span data-toggle="collapse" class=" collapsable-control" data-target="#element-1">
    
<div class="brief failed">
  <span class="keyword indention">Background</span>
  <span class="name"></span>
  

       <i class="chevron fa fa-fw"></i>
  </div>

  </span>
  <div class="description indention"></div>

  <div id="element-1" class="collapse collapsable-details  in ">
    


    
<div class="steps inner-level">
    <div data-toggle="collapse" class=" collapsable-control" data-target="#steps-2">
    
<div class="brief failed">
  <span class="keyword indention">Steps</span>
  <span class="name"></span>
  

       <i class="chevron fa fa-fw"></i>
  </div>

  </div>

  <div id="steps-2" class="inner-level collapse collapsable-details  in ">
          <div class="step">
        
<div class="brief failed">
  <span class="keyword indention">*</span>
  <span class="name">def hostUrl = 'https://qa.rvdo.link/api-gateway/api/v1/template-management'</span>
  
  <span class="lead-duration duration">000ms</span>

  </div>

        

  <div class="inner-level">
    <div class="message indention">
      <div data-toggle="collapse" class=" collapsable-control" data-target="#msg-3">
          <a>com.intuit.karate.exception.KarateException: javascript evaluation failed: function(path){ return karate.read(path) }, before step: 'def hostUrl = 'https://qa.rvdo.link/api-gateway/api/v1/template-management'', feature: resources/Template-Management-Service/Create-Template.feature, line: 5</a>
      </div>
      <div id="msg-3" class="collapse collapsable-details  in ">
        <pre>com.intuit.karate.exception.KarateException: javascript evaluation failed: function(path){ return karate.read(path) }, before step: 'def hostUrl = 'https://qa.rvdo.link/api-gateway/api/v1/template-management'', feature: resources/Template-Management-Service/Create-Template.feature, line: 5
	at com.intuit.karate.cucumber.CucumberUtils.runStep(CucumberUtils.java:230)
	at com.intuit.karate.cucumber.KarateRuntime.runStep(KarateRuntime.java:80)
	at cucumber.runtime.model.StepContainer.runStep(StepContainer.java:44)
	at cucumber.runtime.model.StepContainer.runSteps(StepContainer.java:39)
	at cucumber.runtime.model.CucumberScenario.runBackground(CucumberScenario.java:59)
	at cucumber.runtime.model.CucumberScenario.run(CucumberScenario.java:42)
	at cucumber.runtime.model.CucumberFeature.run(CucumberFeature.java:165)
	at com.intuit.karate.cucumber.CucumberRunner.lambda$parallel$0(CucumberRunner.java:82)
	at java.base/java.util.concurrent.FutureTask.run(FutureTask.java:264)
	at java.base/java.util.concurrent.ThreadPoolExecutor.runWorker(ThreadPoolExecutor.java:1136)
	at java.base/java.util.concurrent.ThreadPoolExecutor$Worker.run(ThreadPoolExecutor.java:635)
	at java.base/java.lang.Thread.run(Thread.java:833)
</pre>
      </div>
    </div>
  </div>


        
        
  <div class="inner-level">
    <div class="docstring indention">
            <div data-toggle="collapse" class="collapsable-control" data-target="#msg-4">
          <a>Doc string</a>
      </div>
      <div id="msg-4" class="collapse collapsable-details">
        <pre>11:56:06.962 ERROR - javascript evaluation failed: function(path){ return karate.read(path) }, before step: 'def hostUrl = 'https://qa.rvdo.link/api-gateway/api/v1/template-management'', feature: resources/Template-Management-Service/Create-Template.feature, line: 5
</pre>
      </div>
    </div>
  </div>

        

        
  
      </div>
      </div>
</div>


    

  </div>
</div>

                      
<div class="element">
      <div class="indention">
      <b>Feature:</b>
      <a href="report-feature_resources-Account-Management-Service-Get-Otp-feature_1.html">resources/Account-Management-Service/Get-Otp.feature</a>
    </div>
  
  
<div class="tags indention">
  </div>

  
  <span class="lead-duration duration">000ms</span>


    <span data-toggle="collapse" class=" collapsable-control" data-target="#element-5">
    
<div class="brief failed">
  <span class="keyword indention">Background</span>
  <span class="name"></span>
  

       <i class="chevron fa fa-fw"></i>
  </div>

  </span>
  <div class="description indention"></div>

  <div id="element-5" class="collapse collapsable-details  in ">
    


    
<div class="steps inner-level">
    <div data-toggle="collapse" class=" collapsable-control" data-target="#steps-6">
    
<div class="brief failed">
  <span class="keyword indention">Steps</span>
  <span class="name"></span>
  

       <i class="chevron fa fa-fw"></i>
  </div>

  </div>

  <div id="steps-6" class="inner-level collapse collapsable-details  in ">
          <div class="step">
        
<div class="brief failed">
  <span class="keyword indention">*</span>
  <span class="name">def hostUrl = 'https://qa.rvdo.link/api-gateway/api/v1/account-management'</span>
  
  <span class="lead-duration duration">000ms</span>

  </div>

        

  <div class="inner-level">
    <div class="message indention">
      <div data-toggle="collapse" class=" collapsable-control" data-target="#msg-7">
          <a>com.intuit.karate.exception.KarateException: javascript evaluation failed: function(path){ return karate.read(path) }, before step: 'def hostUrl = 'https://qa.rvdo.link/api-gateway/api/v1/account-management'', feature: resources/Account-Management-Service/Get-Otp.feature, line: 5</a>
      </div>
      <div id="msg-7" class="collapse collapsable-details  in ">
        <pre>com.intuit.karate.exception.KarateException: javascript evaluation failed: function(path){ return karate.read(path) }, before step: 'def hostUrl = 'https://qa.rvdo.link/api-gateway/api/v1/account-management'', feature: resources/Account-Management-Service/Get-Otp.feature, line: 5
	at com.intuit.karate.cucumber.CucumberUtils.runStep(CucumberUtils.java:230)
	at com.intuit.karate.cucumber.KarateRuntime.runStep(KarateRuntime.java:80)
	at cucumber.runtime.model.StepContainer.runStep(StepContainer.java:44)
	at cucumber.runtime.model.StepContainer.runSteps(StepContainer.java:39)
	at cucumber.runtime.model.CucumberScenario.runBackground(CucumberScenario.java:59)
	at cucumber.runtime.model.CucumberScenario.run(CucumberScenario.java:42)
	at cucumber.runtime.model.CucumberFeature.run(CucumberFeature.java:165)
	at com.intuit.karate.cucumber.CucumberRunner.lambda$parallel$0(CucumberRunner.java:82)
	at java.base/java.util.concurrent.FutureTask.run(FutureTask.java:264)
	at java.base/java.util.concurrent.ThreadPoolExecutor.runWorker(ThreadPoolExecutor.java:1136)
	at java.base/java.util.concurrent.ThreadPoolExecutor$Worker.run(ThreadPoolExecutor.java:635)
	at java.base/java.lang.Thread.run(Thread.java:833)
</pre>
      </div>
    </div>
  </div>


        
        
  <div class="inner-level">
    <div class="docstring indention">
            <div data-toggle="collapse" class="collapsable-control" data-target="#msg-8">
          <a>Doc string</a>
      </div>
      <div id="msg-8" class="collapse collapsable-details">
        <pre>11:56:06.962 ERROR - javascript evaluation failed: function(path){ return karate.read(path) }, before step: 'def hostUrl = 'https://qa.rvdo.link/api-gateway/api/v1/account-management'', feature: resources/Account-Management-Service/Get-Otp.feature, line: 5
</pre>
      </div>
    </div>
  </div>

        

        
  
      </div>
      </div>
</div>


    

  </div>
</div>

                      
<div class="element">
      <div class="indention">
      <b>Feature:</b>
      <a href="report-feature_resources-Account-Management-Service-Create-Mobile-User-feature_2.html">resources/Account-Management-Service/Create-Mobile-User.feature</a>
    </div>
  
  
<div class="tags indention">
  </div>

  
  <span class="lead-duration duration">000ms</span>


    <span data-toggle="collapse" class=" collapsable-control" data-target="#element-9">
    
<div class="brief failed">
  <span class="keyword indention">Background</span>
  <span class="name"></span>
  

       <i class="chevron fa fa-fw"></i>
  </div>

  </span>
  <div class="description indention"></div>

  <div id="element-9" class="collapse collapsable-details  in ">
    


    
<div class="steps inner-level">
    <div data-toggle="collapse" class=" collapsable-control" data-target="#steps-10">
    
<div class="brief failed">
  <span class="keyword indention">Steps</span>
  <span class="name"></span>
  

       <i class="chevron fa fa-fw"></i>
  </div>

  </div>

  <div id="steps-10" class="inner-level collapse collapsable-details  in ">
          <div class="step">
        
<div class="brief failed">
  <span class="keyword indention">*</span>
  <span class="name">def hostUrl = 'https://qa.rvdo.link/api-gateway/api/v1/account-management'</span>
  
  <span class="lead-duration duration">000ms</span>

  </div>

        

  <div class="inner-level">
    <div class="message indention">
      <div data-toggle="collapse" class=" collapsable-control" data-target="#msg-11">
          <a>com.intuit.karate.exception.KarateException: javascript evaluation failed: function(path){ return karate.read(path) }, before step: 'def hostUrl = 'https://qa.rvdo.link/api-gateway/api/v1/account-management'', feature: resources/Account-Management-Service/Create-Mobile-User.feature, line: 5</a>
      </div>
      <div id="msg-11" class="collapse collapsable-details  in ">
        <pre>com.intuit.karate.exception.KarateException: javascript evaluation failed: function(path){ return karate.read(path) }, before step: 'def hostUrl = 'https://qa.rvdo.link/api-gateway/api/v1/account-management'', feature: resources/Account-Management-Service/Create-Mobile-User.feature, line: 5
	at com.intuit.karate.cucumber.CucumberUtils.runStep(CucumberUtils.java:230)
	at com.intuit.karate.cucumber.KarateRuntime.runStep(KarateRuntime.java:80)
	at cucumber.runtime.model.StepContainer.runStep(StepContainer.java:44)
	at cucumber.runtime.model.StepContainer.runSteps(StepContainer.java:39)
	at cucumber.runtime.model.CucumberScenario.runBackground(CucumberScenario.java:59)
	at cucumber.runtime.model.CucumberScenario.run(CucumberScenario.java:42)
	at cucumber.runtime.model.CucumberFeature.run(CucumberFeature.java:165)
	at com.intuit.karate.cucumber.CucumberRunner.lambda$parallel$0(CucumberRunner.java:82)
	at java.base/java.util.concurrent.FutureTask.run(FutureTask.java:264)
	at java.base/java.util.concurrent.ThreadPoolExecutor.runWorker(ThreadPoolExecutor.java:1136)
	at java.base/java.util.concurrent.ThreadPoolExecutor$Worker.run(ThreadPoolExecutor.java:635)
	at java.base/java.lang.Thread.run(Thread.java:833)
</pre>
      </div>
    </div>
  </div>


        
        
  <div class="inner-level">
    <div class="docstring indention">
            <div data-toggle="collapse" class="collapsable-control" data-target="#msg-12">
          <a>Doc string</a>
      </div>
      <div id="msg-12" class="collapse collapsable-details">
        <pre>11:56:06.962 ERROR - javascript evaluation failed: function(path){ return karate.read(path) }, before step: 'def hostUrl = 'https://qa.rvdo.link/api-gateway/api/v1/account-management'', feature: resources/Account-Management-Service/Create-Mobile-User.feature, line: 5
</pre>
      </div>
    </div>
  </div>

        

        
  
      </div>
      </div>
</div>


    

  </div>
</div>

                      
<div class="element">
      <div class="indention">
      <b>Feature:</b>
      <a href="report-feature_resources-Account-Management-Service-Mobile-user-exists-feature_3.html">resources/Account-Management-Service/Mobile-user-exists.feature</a>
    </div>
  
  
<div class="tags indention">
  </div>

  
  <span class="lead-duration duration">000ms</span>


    <span data-toggle="collapse" class=" collapsable-control" data-target="#element-13">
    
<div class="brief failed">
  <span class="keyword indention">Background</span>
  <span class="name"></span>
  

       <i class="chevron fa fa-fw"></i>
  </div>

  </span>
  <div class="description indention"></div>

  <div id="element-13" class="collapse collapsable-details  in ">
    


    
<div class="steps inner-level">
    <div data-toggle="collapse" class=" collapsable-control" data-target="#steps-14">
    
<div class="brief failed">
  <span class="keyword indention">Steps</span>
  <span class="name"></span>
  

       <i class="chevron fa fa-fw"></i>
  </div>

  </div>

  <div id="steps-14" class="inner-level collapse collapsable-details  in ">
          <div class="step">
        
<div class="brief failed">
  <span class="keyword indention">*</span>
  <span class="name">def hostUrl = 'https://qa.rvdo.link/api-gateway/api/v1/account-management'</span>
  
  <span class="lead-duration duration">000ms</span>

  </div>

        

  <div class="inner-level">
    <div class="message indention">
      <div data-toggle="collapse" class=" collapsable-control" data-target="#msg-15">
          <a>com.intuit.karate.exception.KarateException: javascript evaluation failed: function(path){ return karate.read(path) }, before step: 'def hostUrl = 'https://qa.rvdo.link/api-gateway/api/v1/account-management'', feature: resources/Account-Management-Service/Mobile-user-exists.feature, line: 5</a>
      </div>
      <div id="msg-15" class="collapse collapsable-details  in ">
        <pre>com.intuit.karate.exception.KarateException: javascript evaluation failed: function(path){ return karate.read(path) }, before step: 'def hostUrl = 'https://qa.rvdo.link/api-gateway/api/v1/account-management'', feature: resources/Account-Management-Service/Mobile-user-exists.feature, line: 5
	at com.intuit.karate.cucumber.CucumberUtils.runStep(CucumberUtils.java:230)
	at com.intuit.karate.cucumber.KarateRuntime.runStep(KarateRuntime.java:80)
	at cucumber.runtime.model.StepContainer.runStep(StepContainer.java:44)
	at cucumber.runtime.model.StepContainer.runSteps(StepContainer.java:39)
	at cucumber.runtime.model.CucumberScenario.runBackground(CucumberScenario.java:59)
	at cucumber.runtime.model.CucumberScenario.run(CucumberScenario.java:42)
	at cucumber.runtime.model.CucumberFeature.run(CucumberFeature.java:165)
	at com.intuit.karate.cucumber.CucumberRunner.lambda$parallel$0(CucumberRunner.java:82)
	at java.base/java.util.concurrent.FutureTask.run(FutureTask.java:264)
	at java.base/java.util.concurrent.ThreadPoolExecutor.runWorker(ThreadPoolExecutor.java:1136)
	at java.base/java.util.concurrent.ThreadPoolExecutor$Worker.run(ThreadPoolExecutor.java:635)
	at java.base/java.lang.Thread.run(Thread.java:833)
</pre>
      </div>
    </div>
  </div>


        
        
  <div class="inner-level">
    <div class="docstring indention">
            <div data-toggle="collapse" class="collapsable-control" data-target="#msg-16">
          <a>Doc string</a>
      </div>
      <div id="msg-16" class="collapse collapsable-details">
        <pre>11:56:06.962 ERROR - javascript evaluation failed: function(path){ return karate.read(path) }, before step: 'def hostUrl = 'https://qa.rvdo.link/api-gateway/api/v1/account-management'', feature: resources/Account-Management-Service/Mobile-user-exists.feature, line: 5
</pre>
      </div>
    </div>
  </div>

        

        
  
      </div>
      </div>
</div>


    

  </div>
</div>

                      
<div class="element">
      <div class="indention">
      <b>Feature:</b>
      <a href="report-feature_resources-Account-Management-Service-Validate-Otp-feature_4.html">resources/Account-Management-Service/Validate-Otp.feature</a>
    </div>
  
  
<div class="tags indention">
  </div>

  
  <span class="lead-duration duration">000ms</span>


    <span data-toggle="collapse" class=" collapsable-control" data-target="#element-17">
    
<div class="brief failed">
  <span class="keyword indention">Background</span>
  <span class="name"></span>
  

       <i class="chevron fa fa-fw"></i>
  </div>

  </span>
  <div class="description indention"></div>

  <div id="element-17" class="collapse collapsable-details  in ">
    


    
<div class="steps inner-level">
    <div data-toggle="collapse" class=" collapsable-control" data-target="#steps-18">
    
<div class="brief failed">
  <span class="keyword indention">Steps</span>
  <span class="name"></span>
  

       <i class="chevron fa fa-fw"></i>
  </div>

  </div>

  <div id="steps-18" class="inner-level collapse collapsable-details  in ">
          <div class="step">
        
<div class="brief failed">
  <span class="keyword indention">*</span>
  <span class="name">def hostUrl = 'https://qa.rvdo.link/api-gateway/api/v1/account-management'</span>
  
  <span class="lead-duration duration">000ms</span>

  </div>

        

  <div class="inner-level">
    <div class="message indention">
      <div data-toggle="collapse" class=" collapsable-control" data-target="#msg-19">
          <a>com.intuit.karate.exception.KarateException: javascript evaluation failed: function(path){ return karate.read(path) }, before step: 'def hostUrl = 'https://qa.rvdo.link/api-gateway/api/v1/account-management'', feature: resources/Account-Management-Service/Validate-Otp.feature, line: 5</a>
      </div>
      <div id="msg-19" class="collapse collapsable-details  in ">
        <pre>com.intuit.karate.exception.KarateException: javascript evaluation failed: function(path){ return karate.read(path) }, before step: 'def hostUrl = 'https://qa.rvdo.link/api-gateway/api/v1/account-management'', feature: resources/Account-Management-Service/Validate-Otp.feature, line: 5
	at com.intuit.karate.cucumber.CucumberUtils.runStep(CucumberUtils.java:230)
	at com.intuit.karate.cucumber.KarateRuntime.runStep(KarateRuntime.java:80)
	at cucumber.runtime.model.StepContainer.runStep(StepContainer.java:44)
	at cucumber.runtime.model.StepContainer.runSteps(StepContainer.java:39)
	at cucumber.runtime.model.CucumberScenario.runBackground(CucumberScenario.java:59)
	at cucumber.runtime.model.CucumberScenario.run(CucumberScenario.java:42)
	at cucumber.runtime.model.CucumberFeature.run(CucumberFeature.java:165)
	at com.intuit.karate.cucumber.CucumberRunner.lambda$parallel$0(CucumberRunner.java:82)
	at java.base/java.util.concurrent.FutureTask.run(FutureTask.java:264)
	at java.base/java.util.concurrent.ThreadPoolExecutor.runWorker(ThreadPoolExecutor.java:1136)
	at java.base/java.util.concurrent.ThreadPoolExecutor$Worker.run(ThreadPoolExecutor.java:635)
	at java.base/java.lang.Thread.run(Thread.java:833)
</pre>
      </div>
    </div>
  </div>


        
        
  <div class="inner-level">
    <div class="docstring indention">
            <div data-toggle="collapse" class="collapsable-control" data-target="#msg-20">
          <a>Doc string</a>
      </div>
      <div id="msg-20" class="collapse collapsable-details">
        <pre>11:56:06.962 ERROR - javascript evaluation failed: function(path){ return karate.read(path) }, before step: 'def hostUrl = 'https://qa.rvdo.link/api-gateway/api/v1/account-management'', feature: resources/Account-Management-Service/Validate-Otp.feature, line: 5
</pre>
      </div>
    </div>
  </div>

        

        
  
      </div>
      </div>
</div>


    

  </div>
</div>

                      
<div class="element">
      <div class="indention">
      <b>Feature:</b>
      <a href="report-feature_resources-Execute-feature_5.html">resources/Execute.feature</a>
    </div>
  
  
<div class="tags indention">
      <b>Tags:</b>
           <a href="report-tag_Test1.html">@Test1</a>
      </div>

  
  <span class="lead-duration duration">000ms</span>


    <span data-toggle="collapse" class=" collapsable-control" data-target="#element-21">
    
<div class="brief failed">
  <span class="keyword indention">Scenario</span>
  <span class="name">Sample test</span>
  

       <i class="chevron fa fa-fw"></i>
  </div>

  </span>
  <div class="description indention"></div>

  <div id="element-21" class="collapse collapsable-details  in ">
    


    
<div class="steps inner-level">
    <div data-toggle="collapse" class=" collapsable-control" data-target="#steps-22">
    
<div class="brief failed">
  <span class="keyword indention">Steps</span>
  <span class="name"></span>
  

       <i class="chevron fa fa-fw"></i>
  </div>

  </div>

  <div id="steps-22" class="inner-level collapse collapsable-details  in ">
          <div class="step">
        
<div class="brief failed">
  <span class="keyword indention">*</span>
  <span class="name">def emailObj = Java.type('utility.Utilities')</span>
  
  <span class="lead-duration duration">000ms</span>

  </div>

        

  <div class="inner-level">
    <div class="message indention">
      <div data-toggle="collapse" class=" collapsable-control" data-target="#msg-23">
          <a>com.intuit.karate.exception.KarateException: javascript evaluation failed: function(path){ return karate.read(path) }, before step: 'def emailObj = Java.type('utility.Utilities')', feature: resources/Execute.feature, line: 6</a>
      </div>
      <div id="msg-23" class="collapse collapsable-details  in ">
        <pre>com.intuit.karate.exception.KarateException: javascript evaluation failed: function(path){ return karate.read(path) }, before step: 'def emailObj = Java.type('utility.Utilities')', feature: resources/Execute.feature, line: 6
	at com.intuit.karate.cucumber.CucumberUtils.runStep(CucumberUtils.java:230)
	at com.intuit.karate.cucumber.KarateRuntime.runStep(KarateRuntime.java:80)
	at cucumber.runtime.model.StepContainer.runStep(StepContainer.java:44)
	at cucumber.runtime.model.StepContainer.runSteps(StepContainer.java:39)
	at cucumber.runtime.model.CucumberScenario.run(CucumberScenario.java:44)
	at cucumber.runtime.model.CucumberFeature.run(CucumberFeature.java:165)
	at com.intuit.karate.cucumber.CucumberRunner.lambda$parallel$0(CucumberRunner.java:82)
	at java.base/java.util.concurrent.FutureTask.run(FutureTask.java:264)
	at java.base/java.util.concurrent.ThreadPoolExecutor.runWorker(ThreadPoolExecutor.java:1136)
	at java.base/java.util.concurrent.ThreadPoolExecutor$Worker.run(ThreadPoolExecutor.java:635)
	at java.base/java.lang.Thread.run(Thread.java:833)
</pre>
      </div>
    </div>
  </div>


        
        
  <div class="inner-level">
    <div class="docstring indention">
            <div data-toggle="collapse" class="collapsable-control" data-target="#msg-24">
          <a>Doc string</a>
      </div>
      <div id="msg-24" class="collapse collapsable-details">
        <pre>11:56:06.962 ERROR - javascript evaluation failed: function(path){ return karate.read(path) }, before step: 'def emailObj = Java.type('utility.Utilities')', feature: resources/Execute.feature, line: 6
</pre>
      </div>
    </div>
  </div>

        

        
  
      </div>
      </div>
</div>


    

  </div>
</div>

                  </div>
      
    </div>
  </div>
</div>


<div class="container-fluid">
  <div class="row">
    <div class="col-md-10 col-md-offset-10">
      <i class="fa fa-chevron-circle-down fa-2x collapsable-control"
        onClick="javascript:$('#report .collapsable-details').collapse('show')"></i>
      <i class="fa fa-chevron-circle-up fa-2x collapsable-control"
        onClick="javascript:$('#report .collapsable-details').collapse('hide')"></i>
    </div>
  </div>
</div>

<br>

<nav class="navbar navbar-default" id="footer">
  <div class="container-fluid">
    <p class="navbar-text navbar-right">
        <small>generate Cucumber HTML reports via:&nbsp;</small>
        <a class="navbar-link" href="https://github.com/jenkinsci/cucumber-reports-plugin">Jenkins Plugin</a> |
        <a class="navbar-link" href="https://github.com/damianszczepanik/cucumber-reporting">Standalone</a> |
        <a class="navbar-link" href="https://github.com/damianszczepanik/cucumber-sandwich">Sandwich</a> |
        <a class="navbar-link" href="https://github.com/damianszczepanik/maven-cucumber-reporting">Maven</a>
        &nbsp;&nbsp;
    </p>
  </div>
</nav>

</body>
</html>
